<?xml version="1.0" encoding="UTF-8"?>
<testng-results skipped="0" failed="0" ignored="0" total="0" passed="0">
  <reporter-output>
  </reporter-output>
  <suite name="com.boaFramework.bankAmerica.AppTest" duration-ms="3" started-at="2019-05-20T03:50:34Z" finished-at="2019-05-20T03:50:34Z">
    <groups>
    </groups>
    <test name="Command line test" duration-ms="3" started-at="2019-05-20T03:50:34Z" finished-at="2019-05-20T03:50:34Z">
    </test> <!-- Command line test -->
  </suite> <!-- com.boaFramework.bankAmerica.AppTest -->
</testng-results>
